Command line:
   muxvtf_isim_beh.exe
     -simmode  gui
     -simrunnum  0
     -socket  52174

Sun Jan 28 16:25:32 2018


 Elaboration Time: 0.03125 sec

 Current Memory Usage: 871.678 Meg

 Total Signals          : 20
 Total Nets             : 21
 Total Signal Drivers   : 12
 Total Blocks           : 3
 Total Primitive Blocks : 2
 Total Processes        : 15
 Total Traceable Variables  : 25
 Total Scalar Nets and Variables : 109
Total Line Count : 37

 Total Simulation Time: 0.203125 sec

 Current Memory Usage: 1028.96 Meg

Sun Jan 28 16:38:30 2018

