Command line:
   FullAdder_isim_beh.exe
     -simmode  gui
     -simrunnum  0
     -socket  60131

Wed Feb 07 08:34:16 2018


 Elaboration Time: 0.046875 sec

 Current Memory Usage: 871.174 Meg

 Total Signals          : 29
 Total Nets             : 21
 Total Signal Drivers   : 10
 Total Blocks           : 4
 Total Primitive Blocks : 3
 Total Processes        : 11
 Total Traceable Variables  : 18
 Total Scalar Nets and Variables : 101
Total Line Count : 19

 Total Simulation Time: 0.09375 sec

 Current Memory Usage: 871.174 Meg

Wed Feb 07 08:34:20 2018

