Command line:
   RF_ALU_vtf_new_isim_beh.exe
     -simmode  gui
     -simrunnum  0
     -socket  55090

Sun Apr 08 20:20:47 2018


 Elaboration Time: 0.0625 sec

 Current Memory Usage: 1024.82 Meg

 Total Signals          : 48
 Total Nets             : 174
 Total Signal Drivers   : 18
 Total Blocks           : 7
 Total Primitive Blocks : 4
 Total Processes        : 23
 Total Traceable Variables  : 29
 Total Scalar Nets and Variables : 1374
Total Line Count : 74

 Total Simulation Time: 0.359375 sec

 Current Memory Usage: 552.964 Meg

Mon Apr 09 08:08:07 2018

