Command line:
   DM_vtf_isim_beh.exe
     -simmode  gui
     -simrunnum  0
     -socket  53079

Sun Apr 15 15:36:38 2018


 Elaboration Time: 0.046875 sec

 Current Memory Usage: 1024.24 Meg

 Total Signals          : 19
 Total Nets             : 88
 Total Signal Drivers   : 11
 Total Blocks           : 3
 Total Primitive Blocks : 2
 Total Processes        : 17
 Total Traceable Variables  : 25
 Total Scalar Nets and Variables : 2291
Total Line Count : 65

 Total Simulation Time: 0.71875 sec

 Current Memory Usage: 395.096 Meg

Mon Apr 16 08:23:53 2018

